<?xml version="1.0" encoding="UTF-8"?>
<testsuite name="Product Selection and Cart Management" tests="1" skipped="0" failures="1" errors="0" timestamp="2025-11-24T02:15:09.337Z" hostname="DESKTOP-J5DIO6S" time="0.09">
  <properties/>
  <testcase name="Customer adds multiple products with different quantities to the cart" classname="Product Selection and Cart Management" time="0.09">
    <failure message="io.cucumber.junit.UndefinedStepException: The step 'that the customer is logged in' and 3 other step(s) are undefined.&#10;You can implement these steps using the snippet(s) below:&#10;&#10;@Given(&quot;that the customer is logged in&quot;)&#10;public void thatTheCustomerIsLoggedIn() {&#10;    // Write code here that turns the phrase above into concrete actions&#10;    throw new io.cucumber.java.PendingException();&#10;}&#10;@When(&quot;he selects one or more products&quot;)&#10;public void heSelectsOneOrMoreProducts() {&#10;    // Write code here that turns the phrase above into concrete actions&#10;    throw new io.cucumber.java.PendingException();&#10;}&#10;@When(&quot;he adds each product to the cart with different quantities&quot;)&#10;public void heAddsEachProductToTheCartWithDifferentQuantities() {&#10;    // Write code here that turns the phrase above into concrete actions&#10;    throw new io.cucumber.java.PendingException();&#10;}&#10;@Then(&quot;the cart should reflect the selected products with the correct quantities&quot;)&#10;public void theCartShouldReflectTheSelectedProductsWithTheCorrectQuantities() {&#10;    // Write code here that turns the phrase above into concrete actions&#10;    throw new io.cucumber.java.PendingException();&#10;}&#10;" type="io.cucumber.junit.UndefinedStepException">io.cucumber.junit.UndefinedStepException: The step 'that the customer is logged in' and 3 other step(s) are undefined.
You can implement these steps using the snippet(s) below:

@Given(&quot;that the customer is logged in&quot;)
public void thatTheCustomerIsLoggedIn() {
    // Write code here that turns the phrase above into concrete actions
    throw new io.cucumber.java.PendingException();
}
@When(&quot;he selects one or more products&quot;)
public void heSelectsOneOrMoreProducts() {
    // Write code here that turns the phrase above into concrete actions
    throw new io.cucumber.java.PendingException();
}
@When(&quot;he adds each product to the cart with different quantities&quot;)
public void heAddsEachProductToTheCartWithDifferentQuantities() {
    // Write code here that turns the phrase above into concrete actions
    throw new io.cucumber.java.PendingException();
}
@Then(&quot;the cart should reflect the selected products with the correct quantities&quot;)
public void theCartShouldReflectTheSelectedProductsWithTheCorrectQuantities() {
    // Write code here that turns the phrase above into concrete actions
    throw new io.cucumber.java.PendingException();
}

</failure>
  </testcase>
  <system-out><![CDATA[]]></system-out>
  <system-err><![CDATA[[Test worker] INFO  - 
  _____   ___   ___   _____     ___   _____     _     ___   _____   ___   ___  
 |_   _| | __| / __| |_   _|   / __| |_   _|   /_\   | _ \ |_   _| | __| |   \ 
   | |   | _|  \__ \   | |     \__ \   | |    / _ \  |   /   | |   | _|  | |) |
   |_|   |___| |___/   |_|     |___/   |_|   /_/ \_\ |_|_\   |_|   |___| |___/ 

Customer adds multiple products with different quantities to the cart(product-selection-and-cart-management;customer-adds-multiple-products-with-different-quantities-to-the-cart)
--------------------------------------------------------------------------------
[Test worker] INFO  - ?[96m
  _____   ___   ___   _____     ___   ___   _  _   ___    ___   _  _    ___ 
 |_   _| | __| / __| |_   _|   | _ \ | __| | \| | |   \  |_ _| | \| |  / __|
   | |   | _|  \__ \   | |     |  _/ | _|  | .` | | |) |  | |  | .` | | (_ |
   |_|   |___| |___/   |_|     |_|   |___| |_|\_| |___/  |___| |_|\_|  \___|

Customer adds multiple products with different quantities to the cart
-----------------------------------------------------------------------------?[0m
]]></system-err>
</testsuite>
