<?xml version="1.0" encoding="UTF-8"?>
<testsuite name="co.edu.udea.calidad.automatizacion.runners.UserRegistrationRunner" tests="0" skipped="0" failures="0" errors="0" timestamp="1970-01-01T00:00:00Z" hostname="DESKTOP-J5DIO6S" time="0.0">
  <properties/>
  <system-out><![CDATA[]]></system-out>
  <system-err><![CDATA[[Test worker] INFO  - Test Suite Started: User Registration in Advantage Online Shopping
[Test worker] INFO  - Test Suite Started: User Registration in Advantage Online Shopping
]]></system-err>
</testsuite>
