<?xml version="1.0" encoding="UTF-8"?>
<testsuite name="Checkout and Payment Processing" tests="1" skipped="0" failures="1" errors="0" timestamp="2025-11-24T02:15:08.409Z" hostname="DESKTOP-J5DIO6S" time="0.493">
  <properties/>
  <testcase name="Customer completes a full purchase with a payment method" classname="Checkout and Payment Processing" time="0.493">
    <failure message="io.cucumber.junit.UndefinedStepException: The step 'that the customer already has products in the cart' and 5 other step(s) are undefined.&#10;You can implement these steps using the snippet(s) below:&#10;&#10;@Given(&quot;that the customer already has products in the cart&quot;)&#10;public void thatTheCustomerAlreadyHasProductsInTheCart() {&#10;    // Write code here that turns the phrase above into concrete actions&#10;    throw new io.cucumber.java.PendingException();&#10;}&#10;@When(&quot;he proceeds to checkout&quot;)&#10;public void heProceedsToCheckout() {&#10;    // Write code here that turns the phrase above into concrete actions&#10;    throw new io.cucumber.java.PendingException();&#10;}&#10;@When(&quot;he selects a valid payment method&quot;)&#10;public void heSelectsAValidPaymentMethod() {&#10;    // Write code here that turns the phrase above into concrete actions&#10;    throw new io.cucumber.java.PendingException();&#10;}&#10;@When(&quot;he completes the payment process&quot;)&#10;public void heCompletesThePaymentProcess() {&#10;    // Write code here that turns the phrase above into concrete actions&#10;    throw new io.cucumber.java.PendingException();&#10;}&#10;@Then(&quot;he should see a confirmation message indicating that the order was placed successfully&quot;)&#10;public void heShouldSeeAConfirmationMessageIndicatingThatTheOrderWasPlacedSuccessfully() {&#10;    // Write code here that turns the phrase above into concrete actions&#10;    throw new io.cucumber.java.PendingException();&#10;}&#10;@Then(&quot;the payment amount should match the total of the products in the cart&quot;)&#10;public void thePaymentAmountShouldMatchTheTotalOfTheProductsInTheCart() {&#10;    // Write code here that turns the phrase above into concrete actions&#10;    throw new io.cucumber.java.PendingException();&#10;}&#10;" type="io.cucumber.junit.UndefinedStepException">io.cucumber.junit.UndefinedStepException: The step 'that the customer already has products in the cart' and 5 other step(s) are undefined.
You can implement these steps using the snippet(s) below:

@Given(&quot;that the customer already has products in the cart&quot;)
public void thatTheCustomerAlreadyHasProductsInTheCart() {
    // Write code here that turns the phrase above into concrete actions
    throw new io.cucumber.java.PendingException();
}
@When(&quot;he proceeds to checkout&quot;)
public void heProceedsToCheckout() {
    // Write code here that turns the phrase above into concrete actions
    throw new io.cucumber.java.PendingException();
}
@When(&quot;he selects a valid payment method&quot;)
public void heSelectsAValidPaymentMethod() {
    // Write code here that turns the phrase above into concrete actions
    throw new io.cucumber.java.PendingException();
}
@When(&quot;he completes the payment process&quot;)
public void heCompletesThePaymentProcess() {
    // Write code here that turns the phrase above into concrete actions
    throw new io.cucumber.java.PendingException();
}
@Then(&quot;he should see a confirmation message indicating that the order was placed successfully&quot;)
public void heShouldSeeAConfirmationMessageIndicatingThatTheOrderWasPlacedSuccessfully() {
    // Write code here that turns the phrase above into concrete actions
    throw new io.cucumber.java.PendingException();
}
@Then(&quot;the payment amount should match the total of the products in the cart&quot;)
public void thePaymentAmountShouldMatchTheTotalOfTheProductsInTheCart() {
    // Write code here that turns the phrase above into concrete actions
    throw new io.cucumber.java.PendingException();
}

</failure>
  </testcase>
  <system-out><![CDATA[]]></system-out>
  <system-err><![CDATA[[Test worker] INFO  - 
  _____   ___   ___   _____     ___   _____     _     ___   _____   ___   ___  
 |_   _| | __| / __| |_   _|   / __| |_   _|   /_\   | _ \ |_   _| | __| |   \ 
   | |   | _|  \__ \   | |     \__ \   | |    / _ \  |   /   | |   | _|  | |) |
   |_|   |___| |___/   |_|     |___/   |_|   /_/ \_\ |_|_\   |_|   |___| |___/ 

Customer completes a full purchase with a payment method(checkout-and-payment-processing;customer-completes-a-full-purchase-with-a-payment-method)
--------------------------------------------------------------------------------
[Test worker] INFO  - ?[96m
  _____   ___   ___   _____     ___   ___   _  _   ___    ___   _  _    ___ 
 |_   _| | __| / __| |_   _|   | _ \ | __| | \| | |   \  |_ _| | \| |  / __|
   | |   | _|  \__ \   | |     |  _/ | _|  | .` | | |) |  | |  | .` | | (_ |
   |_|   |___| |___/   |_|     |_|   |___| |_|\_| |___/  |___| |_|\_|  \___|

Customer completes a full purchase with a payment method
-----------------------------------------------------------------------------?[0m
]]></system-err>
</testsuite>
