<?xml version="1.0" encoding="UTF-8"?>
<testsuite name="Customer Login in Advantage Online Shopping" tests="2" skipped="0" failures="2" errors="0" timestamp="2025-11-24T05:18:49.353Z" hostname="DESKTOP-J5DIO6S" time="0.081">
  <properties/>
  <testcase name="Successful login" classname="Customer Login in Advantage Online Shopping" time="0.043">
    <failure message="io.cucumber.junit.UndefinedStepException: The step 'that the customer navigates to the login page' and 2 other step(s) are undefined.&#10;You can implement these steps using the snippet(s) below:&#10;&#10;@Given(&quot;that the customer navigates to the login page&quot;)&#10;public void thatTheCustomerNavigatesToTheLoginPage() {&#10;    // Write code here that turns the phrase above into concrete actions&#10;    throw new io.cucumber.java.PendingException();&#10;}&#10;@When(&quot;he enters valid login credentials&quot;)&#10;public void heEntersValidLoginCredentials() {&#10;    // Write code here that turns the phrase above into concrete actions&#10;    throw new io.cucumber.java.PendingException();&#10;}&#10;@Then(&quot;he should be logged into his account successfully&quot;)&#10;public void heShouldBeLoggedIntoHisAccountSuccessfully() {&#10;    // Write code here that turns the phrase above into concrete actions&#10;    throw new io.cucumber.java.PendingException();&#10;}&#10;" type="io.cucumber.junit.UndefinedStepException">io.cucumber.junit.UndefinedStepException: The step 'that the customer navigates to the login page' and 2 other step(s) are undefined.
You can implement these steps using the snippet(s) below:

@Given(&quot;that the customer navigates to the login page&quot;)
public void thatTheCustomerNavigatesToTheLoginPage() {
    // Write code here that turns the phrase above into concrete actions
    throw new io.cucumber.java.PendingException();
}
@When(&quot;he enters valid login credentials&quot;)
public void heEntersValidLoginCredentials() {
    // Write code here that turns the phrase above into concrete actions
    throw new io.cucumber.java.PendingException();
}
@Then(&quot;he should be logged into his account successfully&quot;)
public void heShouldBeLoggedIntoHisAccountSuccessfully() {
    // Write code here that turns the phrase above into concrete actions
    throw new io.cucumber.java.PendingException();
}

</failure>
  </testcase>
  <testcase name="Failed login due to incorrect credentials" classname="Customer Login in Advantage Online Shopping" time="0.037">
    <failure message="io.cucumber.junit.UndefinedStepException: The step 'that the customer navigates to the login page' and 2 other step(s) are undefined.&#10;You can implement these steps using the snippet(s) below:&#10;&#10;@Given(&quot;that the customer navigates to the login page&quot;)&#10;public void thatTheCustomerNavigatesToTheLoginPage() {&#10;    // Write code here that turns the phrase above into concrete actions&#10;    throw new io.cucumber.java.PendingException();&#10;}&#10;@When(&quot;he enters invalid login credentials&quot;)&#10;public void heEntersInvalidLoginCredentials() {&#10;    // Write code here that turns the phrase above into concrete actions&#10;    throw new io.cucumber.java.PendingException();&#10;}&#10;@Then(&quot;he should see an error message indicating invalid username or password&quot;)&#10;public void heShouldSeeAnErrorMessageIndicatingInvalidUsernameOrPassword() {&#10;    // Write code here that turns the phrase above into concrete actions&#10;    throw new io.cucumber.java.PendingException();&#10;}&#10;" type="io.cucumber.junit.UndefinedStepException">io.cucumber.junit.UndefinedStepException: The step 'that the customer navigates to the login page' and 2 other step(s) are undefined.
You can implement these steps using the snippet(s) below:

@Given(&quot;that the customer navigates to the login page&quot;)
public void thatTheCustomerNavigatesToTheLoginPage() {
    // Write code here that turns the phrase above into concrete actions
    throw new io.cucumber.java.PendingException();
}
@When(&quot;he enters invalid login credentials&quot;)
public void heEntersInvalidLoginCredentials() {
    // Write code here that turns the phrase above into concrete actions
    throw new io.cucumber.java.PendingException();
}
@Then(&quot;he should see an error message indicating invalid username or password&quot;)
public void heShouldSeeAnErrorMessageIndicatingInvalidUsernameOrPassword() {
    // Write code here that turns the phrase above into concrete actions
    throw new io.cucumber.java.PendingException();
}

</failure>
  </testcase>
  <system-out><![CDATA[]]></system-out>
  <system-err><![CDATA[[Test worker] INFO  - 
  _____   ___   ___   _____     ___   _____     _     ___   _____   ___   ___  
 |_   _| | __| / __| |_   _|   / __| |_   _|   /_\   | _ \ |_   _| | __| |   \ 
   | |   | _|  \__ \   | |     \__ \   | |    / _ \  |   /   | |   | _|  | |) |
   |_|   |___| |___/   |_|     |___/   |_|   /_/ \_\ |_|_\   |_|   |___| |___/ 

Successful login(customer-login-in-advantage-online-shopping;successful-login)
--------------------------------------------------------------------------------
[Test worker] INFO  - ?[96m
  _____   ___   ___   _____     ___   ___   _  _   ___    ___   _  _    ___ 
 |_   _| | __| / __| |_   _|   | _ \ | __| | \| | |   \  |_ _| | \| |  / __|
   | |   | _|  \__ \   | |     |  _/ | _|  | .` | | |) |  | |  | .` | | (_ |
   |_|   |___| |___/   |_|     |_|   |___| |_|\_| |___/  |___| |_|\_|  \___|

Successful login
-----------------------------------------------------------------------------?[0m
[Test worker] INFO  - 
  _____   ___   ___   _____     ___   _____     _     ___   _____   ___   ___  
 |_   _| | __| / __| |_   _|   / __| |_   _|   /_\   | _ \ |_   _| | __| |   \ 
   | |   | _|  \__ \   | |     \__ \   | |    / _ \  |   /   | |   | _|  | |) |
   |_|   |___| |___/   |_|     |___/   |_|   /_/ \_\ |_|_\   |_|   |___| |___/ 

Failed login due to incorrect credentials(customer-login-in-advantage-online-shopping;failed-login-due-to-incorrect-credentials)
--------------------------------------------------------------------------------
[Test worker] INFO  - ?[96m
  _____   ___   ___   _____     ___   ___   _  _   ___    ___   _  _    ___ 
 |_   _| | __| / __| |_   _|   | _ \ | __| | \| | |   \  |_ _| | \| |  / __|
   | |   | _|  \__ \   | |     |  _/ | _|  | .` | | |) |  | |  | .` | | (_ |
   |_|   |___| |___/   |_|     |_|   |___| |_|\_| |___/  |___| |_|\_|  \___|

Failed login due to incorrect credentials
-----------------------------------------------------------------------------?[0m
]]></system-err>
</testsuite>
