<?xml version="1.0" encoding="UTF-8"?>
<testsuite name="Product Selection and Cart Management" tests="1" skipped="0" failures="1" errors="0" timestamp="2025-11-24T06:57:10.290Z" hostname="DESKTOP-J5DIO6S" time="27.66">
  <properties/>
  <testcase name="Customer adds multiple products with different quantities to the cart" classname="Product Selection and Cart Management" time="27.66">
    <failure message="java.lang.AssertionError: &#10;Expected: an element that is clickable&#10;     but: no matching element found by [[ChromeDriver: chrome on windows (14bb4f46737db1f6d093e97d959551b4)] -&gt; xpath: //li[.//img[@id='17']]//div[contains(@class,'AddToCard')]] was not clicked" type="java.lang.AssertionError">java.lang.AssertionError: 
Expected: an element that is clickable
     but: no matching element found by [[ChromeDriver: chrome on windows (14bb4f46737db1f6d093e97d959551b4)] -&gt; xpath: //li[.//img[@id='17']]//div[contains(@class,'AddToCard')]] was not clicked
	at org.hamcrest.MatcherAssert.assertThat(MatcherAssert.java:20)
	at org.hamcrest.MatcherAssert.assertThat(MatcherAssert.java:8)
	at net.serenitybdd.screenplay.QuestionConsequence.evaluateFor(QuestionConsequence.java:49)
	at net.serenitybdd.screenplay.EventualConsequence.evaluateFor(EventualConsequence.java:59)
	at net.serenitybdd.screenplay.Actor.check(Actor.java:420)
	at net.serenitybdd.screenplay.Actor.should(Actor.java:392)
	at net.serenitybdd.screenplay.waits.WaitUntilBuilder$1.performAs(WaitUntilBuilder.java:29)
	at net.serenitybdd.screenplay.Actor.performTask(Actor.java:299)
	at net.serenitybdd.screenplay.Actor.perform(Actor.java:274)
	at net.serenitybdd.screenplay.Actor.performSilently(Actor.java:254)
	at net.serenitybdd.screenplay.Actor.attemptsTo(Actor.java:211)
	at net.serenitybdd.screenplay.Actor.attemptsTo(Actor.java:222)
	at co.edu.udea.calidad.automatizacion.tasks.AddToCart.performAs(AddToCart.java:45)
	at co.edu.udea.calidad.automatizacion.tasks.AddToCart$ByteBuddy$nk2ewXGg.performAs$accessor$nPa7jBHS(Unknown Source)
	at java.base/jdk.internal.reflect.NativeMethodAccessorImpl.invoke0(Native Method)
	at java.base/jdk.internal.reflect.NativeMethodAccessorImpl.invoke(NativeMethodAccessorImpl.java:77)
	at java.base/jdk.internal.reflect.DelegatingMethodAccessorImpl.invoke(DelegatingMethodAccessorImpl.java:43)
	at java.base/java.lang.reflect.Method.invoke(Method.java:569)
	at net.thucydides.core.steps.StepInterceptor.invokeMethod(StepInterceptor.java:524)
	at net.thucydides.core.steps.StepInterceptor.executeTestStepMethod(StepInterceptor.java:504)
	at net.thucydides.core.steps.StepInterceptor.runTestStep(StepInterceptor.java:476)
	at net.thucydides.core.steps.StepInterceptor.runOrSkipMethod(StepInterceptor.java:218)
	at net.thucydides.core.steps.StepInterceptor.testStepResult(StepInterceptor.java:205)
	at net.thucydides.core.steps.StepInterceptor.intercept(StepInterceptor.java:93)
	at net.thucydides.core.steps.ProxyConfiguration$InterceptorDispatcher.intercept(ProxyConfiguration.java:51)
	at co.edu.udea.calidad.automatizacion.tasks.AddToCart$ByteBuddy$nk2ewXGg.performAs(Unknown Source)
	at net.serenitybdd.screenplay.Actor.performTask(Actor.java:299)
	at net.serenitybdd.screenplay.Actor.perform(Actor.java:274)
	at net.serenitybdd.screenplay.Actor.attemptsTo(Actor.java:215)
	at net.serenitybdd.screenplay.Actor.attemptsTo(Actor.java:222)
	at co.edu.udea.calidad.automatizacion.stepdefinitions.ProductCartStepDefinitions.selectsProducts(ProductCartStepDefinitions.java:28)
	at ✽.he selects one or more products(file:///C:/Users/User/Documents/proyectos-de-programación/automatizacion-pagina-web/src/test/resources/features/cart/ProductCart.feature:6)
</failure>
  </testcase>
  <system-out><![CDATA[]]></system-out>
  <system-err><![CDATA[[Test worker] INFO  - 
  _____   ___   ___   _____     ___   _____     _     ___   _____   ___   ___  
 |_   _| | __| / __| |_   _|   / __| |_   _|   /_\   | _ \ |_   _| | __| |   \ 
   | |   | _|  \__ \   | |     \__ \   | |    / _ \  |   /   | |   | _|  | |) |
   |_|   |___| |___/   |_|     |___/   |_|   /_/ \_\ |_|_\   |_|   |___| |___/ 

Customer adds multiple products with different quantities to the cart(product-selection-and-cart-management;customer-adds-multiple-products-with-different-quantities-to-the-cart)
--------------------------------------------------------------------------------
[Test worker] INFO net.serenitybdd.core.webdriver.driverproviders.ChromeDriverProvider - Starting Chrome driver instance with capabilities:
[Test worker] INFO net.serenitybdd.core.webdriver.driverproviders.ChromeDriverProvider - Capabilities {acceptInsecureCerts: true, browserName: chrome, goog:chromeOptions: {args: [--start-maximized, --test-type, --no-sandbox, --ignore-certificate-errors, \n                   --disa..., --disable-default-apps, --disable-extensions-file-a..., \n                   --inco..., --disable-infobars,--disabl..., --remote-allow-origins=*], extensions: []}}
nov. 24, 2025 1:57:13 A. M. org.openqa.selenium.devtools.CdpVersionFinder findNearestMatch
ADVERTENCIA: Unable to find CDP implementation matching 142
nov. 24, 2025 1:57:13 A. M. org.openqa.selenium.chromium.ChromiumDriver lambda$new$5
ADVERTENCIA: Unable to find version of CDP to use for 142.0.7444.176. You may need to include a dependency on a specific version of the CDP using something similar to `org.seleniumhq.selenium:selenium-devtools-v86:4.16.1` where the version ("v86") matches the version of the chromium-based browser you're using and the version number of the artifact is the same as Selenium's.
[Test worker] ERROR  - ?[91m
  _____   ___   ___   _____     ___     _     ___   _      ___   ___  
 |_   _| | __| / __| |_   _|   | __|   /_\   |_ _| | |    | __| |   \ 
   | |   | _|  \__ \   | |     | _|   / _ \   | |  | |__  | _|  | |) |
   |_|   |___| |___/   |_|     |_|   /_/ \_\ |___| |____| |___| |___/ 

Customer adds multiple products with different quantities to the cart
-----------------------------------------------------------------------?[0m
[Test worker] ERROR  - ?[91m    Test failed at step: Cliente add to cart?[0m
[Test worker] ERROR  - ?[91m    Expected: an element that is clickable but: no matching element found by [[ChromeDriver: chrome on windows (14bb4f46737db1f6d093e97d959551b4)] -> xpath: //li[.//img[@id='17']]//div[contains(@class,'AddToCard')]] was not clicked?[0m
]]></system-err>
</testsuite>
