{"name":"Failed registration due to existing username","id":"user-registration-in-advantage-online-shopping;failed-registration-due-to-existing-username","scenarioId":"user_registration/UserRegistration:Failed registration due to existing username","methodName":"Failed registration due to existing username","testSteps":[{"number":1,"description":"Given that the customer navigates to the Advantage Online Shopping homepage","duration":483,"startTime":"2025-11-24T00:39:30.792725500-05:00[America/Bogota]","result":"SUCCESS","precondition":false,"level":0,"children":[{"number":2,"description":"Cliente abre la pÃ¡gina principal","duration":425,"startTime":"2025-11-24T00:39:30.842779-05:00[America/Bogota]","result":"SUCCESS","precondition":false,"level":1,"children":[{"number":3,"description":"Cliente opens the browser at https://advantageonlineshopping.com/","duration":409,"startTime":"2025-11-24T00:39:30.851968500-05:00[America/Bogota]","result":"SUCCESS","precondition":false,"level":2}]}]},{"number":4,"description":"When he tries to register using an already registered username","duration":0,"startTime":"2025-11-24T00:39:31.277162900-05:00[America/Bogota]","precondition":false,"level":0,"children":[{"number":5,"description":"Cliente register","duration":22930,"startTime":"2025-11-24T00:39:31.281062300-05:00[America/Bogota]","screenshots":[{"screenshot":"64d4479fc30a4d79aa2f7356ce3b0a46eb21ac5b5d87e1f832b80872a5411888.png","htmlSource":"pagesource16289949852311397904.html","timeStamp":1763962794211,"screenshotName":"64d4479fc30a4d79aa2f7356ce3b0a46eb21ac5b5d87e1f832b80872a5411888.png"}],"exception":{"errorType":"java.lang.AssertionError","message":"\nExpected: an element that is visible\n     but: no matching element found by [[ChromeDriver: chrome on windows (0da960a2b2dd8505c6c2972e5918835d)] -\u003e id: registerSuccessCover]","stackTrace":[{"declaringClass":"co.edu.udea.calidad.automatizacion.tasks.Register","methodName":"performAs","fileName":"Register.java","lineNumber":40},{"declaringClass":"co.edu.udea.calidad.automatizacion.stepdefinitions.UserRegistrationStepDefinitions","methodName":"registerExistingUser","fileName":"UserRegistrationStepDefinitions.java","lineNumber":41},{"declaringClass":"worker.org.gradle.process.internal.worker.GradleWorkerMain","methodName":"run","fileName":"GradleWorkerMain.java","lineNumber":69},{"declaringClass":"worker.org.gradle.process.internal.worker.GradleWorkerMain","methodName":"main","fileName":"GradleWorkerMain.java","lineNumber":74}]},"result":"FAILURE","precondition":false,"level":1,"children":[{"number":6,"description":"Cliente clicks on user menu icon","duration":193,"startTime":"2025-11-24T00:39:31.742978700-05:00[America/Bogota]","result":"SUCCESS","precondition":false,"level":2},{"number":7,"description":"Cliente clicks on create new account link","duration":3855,"startTime":"2025-11-24T00:39:32.421527800-05:00[America/Bogota]","result":"SUCCESS","precondition":false,"level":2},{"number":8,"description":"Cliente enters \u0027nuevoUser8\u0027 into register username","duration":188,"startTime":"2025-11-24T00:39:36.482062-05:00[America/Bogota]","result":"SUCCESS","precondition":false,"level":2},{"number":9,"description":"Cliente enters \u0027email8@gmail.com\u0027 into register email","duration":217,"startTime":"2025-11-24T00:39:36.684604400-05:00[America/Bogota]","result":"SUCCESS","precondition":false,"level":2},{"number":10,"description":"Cliente enters \u0027Password1*\u0027 into register password","duration":217,"startTime":"2025-11-24T00:39:36.916969400-05:00[America/Bogota]","result":"SUCCESS","precondition":false,"level":2},{"number":11,"description":"Cliente enters \u0027Password1*\u0027 into repeat password","duration":214,"startTime":"2025-11-24T00:39:37.143955500-05:00[America/Bogota]","result":"SUCCESS","precondition":false,"level":2},{"number":12,"description":"Cliente clicks on I agree checkbox label","duration":299,"startTime":"2025-11-24T00:39:37.479780700-05:00[America/Bogota]","result":"SUCCESS","precondition":false,"level":2},{"number":13,"description":"Cliente clicks on register button","duration":237,"startTime":"2025-11-24T00:39:37.923608400-05:00[America/Bogota]","result":"SUCCESS","precondition":false,"level":2}]},{"number":14,"description":"Then he should see a message indicating that the username already exists","duration":0,"startTime":"2025-11-24T00:39:54.251840900-05:00[America/Bogota]","result":"SKIPPED","precondition":false,"level":1}]}],"userStory":{"id":"user_registration/UserRegistration","storyName":"User Registration in Advantage Online Shopping","displayName":"User Registration in Advantage Online Shopping","path":"user_registration/UserRegistration","pathElements":[{"name":"user_registration","description":""},{"name":"UserRegistration","description":""}],"narrative":"  The customer wants to create an account to start shopping.","type":"feature"},"title":"Failed registration due to existing username","description":"","tags":[{"name":"Chrome","type":"context","displayName":"Chrome"},{"name":"Windows","type":"context","displayName":"Windows"},{"name":"Chrome, Windows","type":"context","displayName":"Chrome, Windows"}],"startTime":"2025-11-24T00:39:30.783240400-05:00[America/Bogota]","duration":472,"testFailureCause":{"errorType":"java.lang.AssertionError","message":"\nExpected: an element that is visible\n     but: no matching element found by [[ChromeDriver: chrome on windows (0da960a2b2dd8505c6c2972e5918835d)] -\u003e id: registerSuccessCover]","stackTrace":[{"declaringClass":"co.edu.udea.calidad.automatizacion.tasks.Register","methodName":"performAs","fileName":"Register.java","lineNumber":40},{"declaringClass":"co.edu.udea.calidad.automatizacion.stepdefinitions.UserRegistrationStepDefinitions","methodName":"registerExistingUser","fileName":"UserRegistrationStepDefinitions.java","lineNumber":41},{"declaringClass":"worker.org.gradle.process.internal.worker.GradleWorkerMain","methodName":"run","fileName":"GradleWorkerMain.java","lineNumber":69},{"declaringClass":"worker.org.gradle.process.internal.worker.GradleWorkerMain","methodName":"main","fileName":"GradleWorkerMain.java","lineNumber":74}]},"testFailureClassname":"java.lang.AssertionError","testFailureMessage":"\nExpected: an element that is visible\n     but: no matching element found by [[ChromeDriver: chrome on windows (0da960a2b2dd8505c6c2972e5918835d)] -\u003e id: registerSuccessCover]","testFailureSummary":"FAILURE;java.lang.AssertionError;\nExpected: an element that is visible\n     but: no matching element found by [[ChromeDriver: chrome on windows (0da960a2b2dd8505c6c2972e5918835d)] -\u003e id: registerSuccessCover];Register.java","projectKey":"","annotatedResult":"FAILURE","sessionId":"0da960a2b2dd8505c6c2972e5918835d","driver":"chrome:cliente","isManualTestingUpToDate":false,"context":"chrome,windows","manual":false,"testSource":"Cucumber","actors":[{"name":"Cliente","can":["browse the web"]}],"order":0,"result":"FAILURE"}