{"name":"Successful user registration","id":"user-registration-in-advantage-online-shopping;successful-user-registration","scenarioId":"user_registration/UserRegistration:Successful user registration","methodName":"Successful user registration","testSteps":[{"number":1,"description":"Given that the customer navigates to the Advantage Online Shopping homepage","duration":3864,"startTime":"2025-11-24T00:18:49.627952400-05:00[America/Bogota]","result":"SUCCESS","precondition":false,"level":0,"children":[{"number":2,"description":"Cliente abre la pÃ¡gina principal","duration":3514,"startTime":"2025-11-24T00:18:49.958400200-05:00[America/Bogota]","result":"SUCCESS","precondition":false,"level":1,"children":[{"number":3,"description":"Cliente opens the browser at https://advantageonlineshopping.com/","duration":3465,"startTime":"2025-11-24T00:18:49.986928900-05:00[America/Bogota]","result":"SUCCESS","precondition":false,"level":2}]}]},{"number":4,"description":"When he registers with valid personal information","duration":0,"startTime":"2025-11-24T00:18:53.494857900-05:00[America/Bogota]","precondition":false,"level":0,"children":[{"number":5,"description":"Cliente register","duration":23005,"startTime":"2025-11-24T00:18:53.527195300-05:00[America/Bogota]","exception":{"errorType":"java.lang.AssertionError","message":"\nExpected: an element that is visible\n     but: no matching element found by [[ChromeDriver: chrome on windows (a828f66373f3cbda373a3350327113e4)] -\u003e id: registerSuccessCover]","stackTrace":[{"declaringClass":"co.edu.udea.calidad.automatizacion.tasks.Register","methodName":"performAs","fileName":"Register.java","lineNumber":40},{"declaringClass":"co.edu.udea.calidad.automatizacion.stepdefinitions.UserRegistrationStepDefinitions","methodName":"registerValidUser","fileName":"UserRegistrationStepDefinitions.java","lineNumber":22},{"declaringClass":"worker.org.gradle.process.internal.worker.GradleWorkerMain","methodName":"run","fileName":"GradleWorkerMain.java","lineNumber":69},{"declaringClass":"worker.org.gradle.process.internal.worker.GradleWorkerMain","methodName":"main","fileName":"GradleWorkerMain.java","lineNumber":74}]},"result":"FAILURE","precondition":false,"level":1,"children":[{"number":6,"description":"Cliente clicks on user menu icon","duration":4235,"startTime":"2025-11-24T00:18:54.266730200-05:00[America/Bogota]","result":"SUCCESS","precondition":false,"level":2},{"number":7,"description":"Cliente clicks on create new account link","duration":253,"startTime":"2025-11-24T00:18:59.034873300-05:00[America/Bogota]","result":"SUCCESS","precondition":false,"level":2},{"number":8,"description":"Cliente enters \u0027nuevoUser7\u0027 into register username","duration":213,"startTime":"2025-11-24T00:18:59.558530400-05:00[America/Bogota]","result":"SUCCESS","precondition":false,"level":2},{"number":9,"description":"Cliente enters \u0027email7@gmail.com\u0027 into register email","duration":284,"startTime":"2025-11-24T00:18:59.785337400-05:00[America/Bogota]","result":"SUCCESS","precondition":false,"level":2},{"number":10,"description":"Cliente enters \u0027Password1*\u0027 into register password","duration":209,"startTime":"2025-11-24T00:19:00.079917600-05:00[America/Bogota]","result":"SUCCESS","precondition":false,"level":2},{"number":11,"description":"Cliente enters \u0027Password1*\u0027 into repeat password","duration":241,"startTime":"2025-11-24T00:19:00.305444900-05:00[America/Bogota]","result":"SUCCESS","precondition":false,"level":2},{"number":12,"description":"Cliente clicks on I agree checkbox label","duration":288,"startTime":"2025-11-24T00:19:00.722517100-05:00[America/Bogota]","result":"SUCCESS","precondition":false,"level":2},{"number":13,"description":"Cliente clicks on register button","duration":235,"startTime":"2025-11-24T00:19:01.173750-05:00[America/Bogota]","result":"SUCCESS","precondition":false,"level":2}]},{"number":14,"description":"Then he should see a confirmation message indicating that the account was created successfully","duration":0,"startTime":"2025-11-24T00:19:16.568603800-05:00[America/Bogota]","result":"SKIPPED","precondition":false,"level":1}]}],"userStory":{"id":"user_registration/UserRegistration","storyName":"User Registration in Advantage Online Shopping","displayName":"User Registration in Advantage Online Shopping","path":"user_registration/UserRegistration","pathElements":[{"name":"user_registration","description":""},{"name":"UserRegistration","description":""}],"narrative":"  The customer wants to create an account to start shopping.","type":"feature"},"title":"Successful user registration","description":"","tags":[{"name":"Chrome","type":"context","displayName":"Chrome"},{"name":"Windows","type":"context","displayName":"Windows"},{"name":"Chrome, Windows","type":"context","displayName":"Chrome, Windows"}],"startTime":"2025-11-24T00:18:49.576224800-05:00[America/Bogota]","duration":3856,"testFailureCause":{"errorType":"java.lang.AssertionError","message":"\nExpected: an element that is visible\n     but: no matching element found by [[ChromeDriver: chrome on windows (a828f66373f3cbda373a3350327113e4)] -\u003e id: registerSuccessCover]","stackTrace":[{"declaringClass":"co.edu.udea.calidad.automatizacion.tasks.Register","methodName":"performAs","fileName":"Register.java","lineNumber":40},{"declaringClass":"co.edu.udea.calidad.automatizacion.stepdefinitions.UserRegistrationStepDefinitions","methodName":"registerValidUser","fileName":"UserRegistrationStepDefinitions.java","lineNumber":22},{"declaringClass":"worker.org.gradle.process.internal.worker.GradleWorkerMain","methodName":"run","fileName":"GradleWorkerMain.java","lineNumber":69},{"declaringClass":"worker.org.gradle.process.internal.worker.GradleWorkerMain","methodName":"main","fileName":"GradleWorkerMain.java","lineNumber":74}]},"testFailureClassname":"java.lang.AssertionError","testFailureMessage":"\nExpected: an element that is visible\n     but: no matching element found by [[ChromeDriver: chrome on windows (a828f66373f3cbda373a3350327113e4)] -\u003e id: registerSuccessCover]","testFailureSummary":"FAILURE;java.lang.AssertionError;\nExpected: an element that is visible\n     but: no matching element found by [[ChromeDriver: chrome on windows (a828f66373f3cbda373a3350327113e4)] -\u003e id: registerSuccessCover];Register.java","projectKey":"","annotatedResult":"FAILURE","sessionId":"a828f66373f3cbda373a3350327113e4","driver":"chrome:cliente","isManualTestingUpToDate":false,"context":"chrome,windows","manual":false,"testSource":"Cucumber","actors":[{"name":"Cliente","can":["browse the web"]}],"order":0,"result":"FAILURE"}