<?xml version="1.0" encoding="UTF-8" standalone="no"?><testsuite errors="0" failures="1" name="Product Selection and Cart Management" skipped="0" tests="1" time="10.55" timestamp="2025-11-24 01:25:10"><testcase name="Customer adds multiple products with different quantities to the cart"><failure message="&#10;Expected: an element that is clickable&#10;     but: no matching element found by [user menu icon located with: id: menuUser] was not clicked" type="java.lang.AssertionError">
Expected: an element that is clickable
     but: no matching element found by [user menu icon located with: id: menuUser] was not clicked</failure><system-err>
Expected: an element that is clickable
     but: no matching element found by [user menu icon located with: id: menuUser] was not clicked&#13;
co.edu.udea.calidad.automatizacion.tasks.Login.performAs(Login.java:38)&#13;
co.edu.udea.calidad.automatizacion.stepdefinitions.ProductCartStepDefinitions.customerIsLoggedIn(ProductCartStepDefinitions.java:17)&#13;
worker.org.gradle.process.internal.worker.GradleWorkerMain.run(GradleWorkerMain.java:69)&#13;
worker.org.gradle.process.internal.worker.GradleWorkerMain.main(GradleWorkerMain.java:74)&#13;
</system-err></testcase></testsuite>